Decoder V-5.0.19 Build 10203, Jul 23 2010
Options: 
Decoding File: 'C:\Users\Allyn\Desktop\Micro2\Micro\ICA\ICA10\ICA10_Data\Standard\ObjectCode\SCI0.c.o'
File format: ELF/DWARF

DISASSEMBLY OF: '.text' FROM 688 TO 759 SIZE 71 (0X47)
Opening source file 'C:\Users\Allyn\Desktop\Micro2\Micro\ICA\ICA10\Sources\SCI0.c'
   10: void SCI0_Init(unsigned long baud) //any valid baud rate can be passed to this; 8-bit, 1 Stop, No parity, no interrupts
SCI0_Init:
00000000 3B           PSHD  
00000001 34           PSHX  
00000002 CCA120       LDD   #41248
00000005 CE0007       LDX   #7
00000008 160000       JSR   LDIVU
0000000B 5C00         STD   SCI0BD
   18: 	SCI0CR1 = 0;
0000000D 790000       CLR   SCI0ACR2
   20: 	SCI0CR2 = (1 << 2) | (1 << 3);
00000010 C60C         LDAB  #12
00000012 5B00         STAB  SCI0CR2
   22: }
00000014 3D           RTS   
   23: void SCI0_Init9600(void) //8-bit, 1 Stop, No parity, no interrupts
SCI0_Init9600:
00000015 CC2580       LDD   #9600
00000018 1887         CLRX  
0000001A 060000       JMP   SCI0_Init
   28: void SCI0_Init19200(void) //8-bit, 1 stop, No parity, no interrupts
SCI0_Init19200:
0000001D 864B         LDAA  #75
0000001F C7           CLRB  
00000020 B715         SEX   B,X
00000022 060000       JMP   SCI0_Init
   33: void SCI0_TxChar(unsigned char ch)
SCI0_TxChar:
00000025 37           PSHB  
   35: 	while (!SCI0SR1_TDRE)
00000026 4F0080FC     BRCLR SCI0SR1,#128,*+0       ;abs = 0x0026
   47: 	SCI0DRL = ch;
0000002A 33           PULB  
0000002B 5B00         STAB  SCI0DRL
   49: }
0000002D 3D           RTS   
   50: unsigned char SCI0_RxChar(void) //Non-blocking; returns NULL if no new valid character is available
SCI0_RxChar:
0000002E 4F002003     BRCLR SCI0SR1,#32,*+7       ;abs = 0x0035
   59: 		return (unsigned char)SCI0DRL;
00000032 D600         LDAB  SCI0DRL
00000034 3D           RTS   
   61: 	return 0;
00000035 C7           CLRB  
   62: }
00000036 3D           RTS   
   63: void SCI0_TxString(char *str)
SCI0_TxString:
00000037 B745         TFR   D,X
   68: 		x = *(str++);
00000039 E630         LDAB  1,X+
   69: 		SCI0_TxChar(x);
0000003B 37           PSHB  
0000003C 34           PSHX  
0000003D 07FF         BSR   *+1       ;abs = 0x003E
   70: 	} while (x);
0000003F E682         LDAB  2,SP
00000041 30           PULX  
00000042 1B81         LEAS  1,SP
00000044 26F3         BNE   *-11       ;abs = 0x0039
00000046 3D           RTS   

